2026-02-22 18:50:36: Initializing database schema...
2026-02-22 18:50:36: Initializing Turso Schema & Seeding Data...
2026-02-22 18:50:44: Schema initialization successful.
2026-02-22 18:50:50: Database schema initialized successfully
2026-02-22 18:50:50: 
2026-02-22 18:50:50: ╔═══════════════════════════════════════════════════════════╗
2026-02-22 18:50:50: ║                                                           ║
2026-02-22 18:50:50: ║   🚛 SwiftYard API Server                                 ║
2026-02-22 18:50:50: ║                                                           ║
2026-02-22 18:50:50: ║   Server running at: http://localhost:4000               ║
2026-02-22 18:50:50: ║   API Base URL: http://localhost:4000/api                ║
2026-02-22 18:50:50: ║   Health Check: http://localhost:4000/health             ║
2026-02-22 18:50:50: ║   Socket.IO: http://localhost:4000                       ║
2026-02-22 18:50:50: ║                                                           ║
2026-02-22 18:50:50: ║   Press Ctrl+C to stop                                    ║
2026-02-22 18:50:50: ║                                                           ║
2026-02-22 18:50:50: ╚═══════════════════════════════════════════════════════════╝
2026-02-22 18:50:50:       
2026-02-22 18:53:08: 2026-02-22T07:53:08.436Z - GET /health
2026-02-22 19:01:40: 2026-02-22T08:01:40.796Z - GET /api/resources
2026-02-22 19:01:40: 2026-02-22T08:01:40.798Z - GET /api/appointments
2026-02-22 19:01:40: 2026-02-22T08:01:40.799Z - GET /api/drivers
2026-02-22 19:01:40: 2026-02-22T08:01:40.800Z - GET /api/trailers
2026-02-22 19:01:40: 2026-02-22T08:01:40.800Z - GET /api/carriers
2026-02-22 19:01:40: 2026-02-22T08:01:40.800Z - GET /api/trailer-types
2026-02-22 19:01:40: 2026-02-22T08:01:40.803Z - GET /api/settings/all/list
2026-02-22 19:01:40: 2026-02-22T08:01:40.804Z - GET /api/admin/users
2026-02-22 19:01:40: 2026-02-22T08:01:40.806Z - GET /api/roles
2026-02-22 19:01:40: 2026-02-22T08:01:40.806Z - GET /api/resources
2026-02-22 19:01:40: 2026-02-22T08:01:40.807Z - GET /api/facilities
2026-02-22 19:01:40: 2026-02-22T08:01:40.807Z - GET /api/appointments
2026-02-22 19:01:40: 2026-02-22T08:01:40.808Z - GET /api/drivers
2026-02-22 19:01:40: 2026-02-22T08:01:40.808Z - GET /api/trailers
2026-02-22 19:01:40: 2026-02-22T08:01:40.811Z - GET /api/carriers
2026-02-22 19:01:40: 2026-02-22T08:01:40.813Z - GET /api/trailer-types
2026-02-22 19:01:40: 2026-02-22T08:01:40.814Z - GET /api/settings/all/list
2026-02-22 19:01:40: 2026-02-22T08:01:40.815Z - GET /api/admin/users
2026-02-22 19:01:40: 2026-02-22T08:01:40.816Z - GET /api/facilities
2026-02-22 19:01:40: 2026-02-22T08:01:40.816Z - GET /api/roles
2026-02-22 19:50:11: 2026-02-22T08:50:11.154Z - POST /api/auth/login
2026-02-22 19:50:29: 2026-02-22T08:50:29.883Z - POST /api/auth/login
2026-02-22 19:51:44: 2026-02-22T08:51:44.170Z - GET /api/carriers
2026-02-22 19:51:45: [Auth] Facility - Query: undefined Header: undefined
2026-02-22 19:51:45: [Auth] Admin facilityId set to: null
2026-02-22 19:51:54: 2026-02-22T08:51:54.123Z - POST /api/auth/login
2026-02-22 19:52:07: 2026-02-22T08:52:07.376Z - GET /api/carriers
2026-02-22 19:52:08: [Auth] Facility - Query: undefined Header: undefined
2026-02-22 19:52:08: [Auth] Admin facilityId set to: null
2026-02-22 20:02:30: 2026-02-22T09:02:30.203Z - GET /api/carriers
2026-02-22 20:02:31: [Auth] Facility - Query: undefined Header: undefined
2026-02-22 20:02:31: [Auth] Admin facilityId set to: null
2026-02-22 20:03:57: 2026-02-22T09:03:57.879Z - GET /api/dashboard/metrics
2026-02-22 20:03:59: [Auth] Facility - Query: undefined Header: undefined
2026-02-22 20:03:59: [Auth] Admin facilityId set to: null
2026-02-22 20:04:00: [Auth] Facility - Query: undefined Header: undefined
2026-02-22 20:04:00: [Auth] Admin facilityId set to: null
2026-02-22 20:04:19: 2026-02-22T09:04:19.138Z - GET /api/dashboard/metrics
2026-02-22 20:04:20: [Auth] Facility - Query: undefined Header: undefined
2026-02-22 20:04:20: [Auth] Admin facilityId set to: null
2026-02-22 20:04:21: [Auth] Facility - Query: undefined Header: undefined
2026-02-22 20:04:21: [Auth] Admin facilityId set to: null
2026-02-22 20:04:42: 2026-02-22T09:04:42.064Z - POST /api/auth/login
2026-02-22 20:04:59: 2026-02-22T09:04:59.772Z - GET /api/dashboard/metrics
2026-02-22 20:05:01: [Auth] Facility - Query: undefined Header: undefined
2026-02-22 20:05:01: [Auth] Admin facilityId set to: null
2026-02-22 20:05:02: [Auth] Facility - Query: undefined Header: undefined
2026-02-22 20:05:02: [Auth] Admin facilityId set to: null
2026-02-22 20:05:25: 2026-02-22T09:05:25.460Z - POST /api/auth/login
2026-02-22 20:05:52: 2026-02-22T09:05:52.023Z - GET /api/dashboard/metrics
2026-02-22 20:05:53: [Auth] Facility - Query: undefined Header: FAC-002
2026-02-22 20:05:53: [Auth] Admin facilityId set to: FAC-002
2026-02-22 20:05:54: [Auth] Facility - Query: undefined Header: FAC-002
2026-02-22 20:05:54: [Auth] Admin facilityId set to: FAC-002
2026-02-22 20:06:02: 2026-02-22T09:06:02.377Z - GET /api/dashboard/metrics
2026-02-22 20:06:03: [Auth] Facility - Query: undefined Header: FAC-001
2026-02-22 20:06:03: [Auth] Admin facilityId set to: FAC-001
2026-02-22 20:06:04: [Auth] Facility - Query: undefined Header: FAC-001
2026-02-22 20:06:04: [Auth] Admin facilityId set to: FAC-001
2026-02-22 20:06:47: 2026-02-22T09:06:47.885Z - POST /api/auth/login
2026-02-22 20:07:07: 2026-02-22T09:07:07.353Z - GET /api/dashboard/metrics
2026-02-22 20:07:12: 2026-02-22T09:07:12.621Z - GET /api/dashboard/metrics
2026-02-22 20:07:17: 2026-02-22T09:07:17.615Z - GET /api/dashboard/metrics
2026-02-22 20:07:18: 2026-02-22T09:07:18.426Z - GET /api/dashboard/metrics
2026-02-22 20:07:18: 2026-02-22T09:07:18.985Z - GET /api/dashboard/metrics
2026-02-22 20:07:35: 2026-02-22T09:07:35.031Z - POST /api/auth/login
2026-02-22 20:08:00: 2026-02-22T09:08:00.988Z - GET /api/dashboard/metrics
2026-02-22 20:08:02: [Auth] Facility - Query: undefined Header: FAC-003
2026-02-22 20:08:02: [Auth] Admin facilityId set to: FAC-003
2026-02-22 20:08:03: [Auth] Facility - Query: undefined Header: FAC-003
2026-02-22 20:08:03: [Auth] Admin facilityId set to: FAC-003
2026-02-22 20:08:16: 2026-02-22T09:08:16.122Z - GET /api/dashboard/metrics
2026-02-22 20:08:17: [Auth] Facility - Query: undefined Header: FAC-001
2026-02-22 20:08:17: [Auth] Admin facilityId set to: FAC-001
2026-02-22 20:08:18: [Auth] Facility - Query: undefined Header: FAC-001
2026-02-22 20:08:18: [Auth] Admin facilityId set to: FAC-001
2026-02-22 20:11:17: 2026-02-22T09:11:17.410Z - GET /api/drivers
2026-02-22 20:11:17: 2026-02-22T09:11:17.411Z - GET /api/appointments
2026-02-22 20:11:17: 2026-02-22T09:11:17.411Z - GET /api/resources
2026-02-22 20:11:17: 2026-02-22T09:11:17.412Z - GET /api/trailers
2026-02-22 20:11:17: 2026-02-22T09:11:17.412Z - GET /api/trailer-types
2026-02-22 20:11:17: 2026-02-22T09:11:17.413Z - GET /api/carriers
2026-02-22 20:11:17: 2026-02-22T09:11:17.415Z - GET /api/settings/all/list
2026-02-22 20:11:17: 2026-02-22T09:11:17.416Z - GET /api/admin/users
2026-02-22 20:11:17: 2026-02-22T09:11:17.417Z - GET /api/facilities
2026-02-22 20:11:17: 2026-02-22T09:11:17.418Z - GET /api/roles
2026-02-22 20:11:17: 2026-02-22T09:11:17.419Z - GET /api/resources
2026-02-22 20:11:17: 2026-02-22T09:11:17.419Z - GET /api/appointments
2026-02-22 20:11:17: 2026-02-22T09:11:17.420Z - GET /api/drivers
2026-02-22 20:11:17: 2026-02-22T09:11:17.422Z - GET /api/trailers
2026-02-22 20:11:17: 2026-02-22T09:11:17.423Z - GET /api/carriers
2026-02-22 20:11:17: 2026-02-22T09:11:17.424Z - GET /api/trailer-types
2026-02-22 20:11:17: 2026-02-22T09:11:17.425Z - GET /api/settings/all/list
2026-02-22 20:11:17: 2026-02-22T09:11:17.425Z - GET /api/admin/users
2026-02-22 20:11:17: 2026-02-22T09:11:17.426Z - GET /api/roles
2026-02-22 20:11:17: 2026-02-22T09:11:17.427Z - GET /api/facilities
2026-02-22 20:20:27: 2026-02-22T09:20:27.369Z - POST /api/auth/login
2026-02-22 20:20:44: 2026-02-22T09:20:44.922Z - GET /api/dashboard/metrics
2026-02-22 20:20:58: 2026-02-22T09:20:58.372Z - GET /api/dashboard/metrics
2026-02-22 20:21:02: 2026-02-22T09:21:02.665Z - GET /api/dashboard/metrics
2026-02-22 20:21:03: 2026-02-22T09:21:03.470Z - GET /api/dashboard/metrics
2026-02-22 20:21:27: 2026-02-22T09:21:27.183Z - GET /api/dashboard/metrics
2026-02-22 20:21:28: [Auth] Facility - Query: undefined Header: FAC-002
2026-02-22 20:21:28: [Auth] Admin facilityId set to: FAC-002
2026-02-22 20:21:29: [Auth] Facility - Query: undefined Header: FAC-002
2026-02-22 20:21:29: [Auth] Admin facilityId set to: FAC-002
2026-02-22 20:21:56: 2026-02-22T09:21:56.214Z - GET /api/dashboard/metrics
2026-02-22 20:21:57: [Auth] Facility - Query: undefined Header: FAC-001
2026-02-22 20:21:57: [Auth] Admin facilityId set to: FAC-001
2026-02-22 20:21:58: [Auth] Facility - Query: undefined Header: FAC-001
2026-02-22 20:21:58: [Auth] Admin facilityId set to: FAC-001
2026-02-22 20:29:15: Initializing database schema...
2026-02-22 20:29:15: Initializing Turso Schema & Seeding Data...
2026-02-22 20:29:24: Schema initialization successful.
2026-02-22 20:29:30: Database schema initialized successfully
2026-02-22 20:29:30: 
2026-02-22 20:29:30: ╔═══════════════════════════════════════════════════════════╗
2026-02-22 20:29:30: ║                                                           ║
2026-02-22 20:29:30: ║   🚛 SwiftYard API Server                                 ║
2026-02-22 20:29:30: ║                                                           ║
2026-02-22 20:29:30: ║   Server running at: http://localhost:4000               ║
2026-02-22 20:29:30: ║   API Base URL: http://localhost:4000/api                ║
2026-02-22 20:29:30: ║   Health Check: http://localhost:4000/health             ║
2026-02-22 20:29:30: ║   Socket.IO: http://localhost:4000                       ║
2026-02-22 20:29:30: ║                                                           ║
2026-02-22 20:29:30: ║   Press Ctrl+C to stop                                    ║
2026-02-22 20:29:30: ║                                                           ║
2026-02-22 20:29:30: ╚═══════════════════════════════════════════════════════════╝
2026-02-22 20:29:30:       
2026-02-22 20:29:32: 2026-02-22T09:29:32.117Z - GET /health
2026-02-22 20:29:47: 2026-02-22T09:29:47.259Z - GET /api/resources
2026-02-22 20:29:47: 2026-02-22T09:29:47.267Z - GET /api/appointments
2026-02-22 20:29:47: 2026-02-22T09:29:47.268Z - GET /api/drivers
2026-02-22 20:29:47: 2026-02-22T09:29:47.269Z - GET /api/trailers
2026-02-22 20:29:47: 2026-02-22T09:29:47.270Z - GET /api/carriers
2026-02-22 20:29:47: 2026-02-22T09:29:47.271Z - GET /api/trailer-types
2026-02-22 20:29:47: 2026-02-22T09:29:47.271Z - GET /api/settings/all/list
2026-02-22 20:29:47: 2026-02-22T09:29:47.272Z - GET /api/admin/users
2026-02-22 20:29:47: 2026-02-22T09:29:47.277Z - GET /api/facilities
2026-02-22 20:29:47: 2026-02-22T09:29:47.277Z - GET /api/roles
2026-02-22 20:29:47: 2026-02-22T09:29:47.278Z - GET /api/resources
2026-02-22 20:29:47: 2026-02-22T09:29:47.279Z - GET /api/appointments
2026-02-22 20:29:47: 2026-02-22T09:29:47.279Z - GET /api/drivers
2026-02-22 20:29:47: 2026-02-22T09:29:47.279Z - GET /api/trailers
2026-02-22 20:29:47: 2026-02-22T09:29:47.283Z - GET /api/carriers
2026-02-22 20:29:47: 2026-02-22T09:29:47.283Z - GET /api/trailer-types
2026-02-22 20:29:47: 2026-02-22T09:29:47.284Z - GET /api/settings/all/list
2026-02-22 20:29:47: 2026-02-22T09:29:47.285Z - GET /api/admin/users
2026-02-22 20:29:47: 2026-02-22T09:29:47.285Z - GET /api/roles
2026-02-22 20:29:47: 2026-02-22T09:29:47.286Z - GET /api/facilities
2026-02-22 20:30:00: 2026-02-22T09:30:00.916Z - GET /api/resources
2026-02-22 20:30:00: 2026-02-22T09:30:00.917Z - GET /api/appointments
2026-02-22 20:30:00: 2026-02-22T09:30:00.918Z - GET /api/drivers
2026-02-22 20:30:00: 2026-02-22T09:30:00.919Z - GET /api/trailers
2026-02-22 20:30:00: 2026-02-22T09:30:00.920Z - GET /api/carriers
2026-02-22 20:30:00: 2026-02-22T09:30:00.921Z - GET /api/trailer-types
2026-02-22 20:30:00: 2026-02-22T09:30:00.929Z - GET /api/settings/all/list
2026-02-22 20:30:00: 2026-02-22T09:30:00.930Z - GET /api/roles
2026-02-22 20:30:00: 2026-02-22T09:30:00.931Z - GET /api/facilities
2026-02-22 20:30:00: 2026-02-22T09:30:00.933Z - GET /api/resources
2026-02-22 20:30:00: 2026-02-22T09:30:00.933Z - GET /api/appointments
2026-02-22 20:30:00: 2026-02-22T09:30:00.933Z - GET /api/admin/users
2026-02-22 20:30:00: 2026-02-22T09:30:00.935Z - GET /api/drivers
2026-02-22 20:30:00: 2026-02-22T09:30:00.935Z - GET /api/trailers
2026-02-22 20:30:00: 2026-02-22T09:30:00.938Z - GET /api/carriers
2026-02-22 20:30:00: 2026-02-22T09:30:00.938Z - GET /api/trailer-types
2026-02-22 20:30:00: 2026-02-22T09:30:00.940Z - GET /api/settings/all/list
2026-02-22 20:30:00: 2026-02-22T09:30:00.941Z - GET /api/admin/users
2026-02-22 20:30:00: 2026-02-22T09:30:00.942Z - GET /api/roles
2026-02-22 20:30:00: 2026-02-22T09:30:00.942Z - GET /api/facilities
2026-02-22 20:30:36: 2026-02-22T09:30:36.985Z - GET /api/resources
2026-02-22 20:30:36: 2026-02-22T09:30:36.986Z - GET /api/appointments
2026-02-22 20:30:36: 2026-02-22T09:30:36.987Z - GET /api/drivers
2026-02-22 20:30:36: 2026-02-22T09:30:36.988Z - GET /api/trailers
2026-02-22 20:30:36: 2026-02-22T09:30:36.989Z - GET /api/carriers
2026-02-22 20:30:36: 2026-02-22T09:30:36.990Z - GET /api/trailer-types
2026-02-22 20:30:36: 2026-02-22T09:30:36.994Z - GET /api/settings/all/list
2026-02-22 20:30:37: 2026-02-22T09:30:37.001Z - GET /api/admin/users
2026-02-22 20:30:37: 2026-02-22T09:30:37.002Z - GET /api/facilities
2026-02-22 20:30:37: 2026-02-22T09:30:37.002Z - GET /api/resources
2026-02-22 20:30:37: 2026-02-22T09:30:37.002Z - GET /api/appointments
2026-02-22 20:30:37: 2026-02-22T09:30:37.002Z - GET /api/roles
2026-02-22 20:30:37: 2026-02-22T09:30:37.003Z - GET /api/drivers
2026-02-22 20:30:37: 2026-02-22T09:30:37.010Z - GET /api/trailers
2026-02-22 20:30:37: 2026-02-22T09:30:37.011Z - GET /api/trailer-types
2026-02-22 20:30:37: 2026-02-22T09:30:37.011Z - GET /api/carriers
2026-02-22 20:30:37: 2026-02-22T09:30:37.011Z - GET /api/settings/all/list
2026-02-22 20:30:37: 2026-02-22T09:30:37.012Z - GET /api/admin/users
2026-02-22 20:30:37: 2026-02-22T09:30:37.012Z - GET /api/roles
2026-02-22 20:30:37: 2026-02-22T09:30:37.014Z - GET /api/facilities
2026-02-22 20:35:17: 2026-02-22T09:35:17.952Z - POST /api/auth/login
2026-02-22 20:35:19: 2026-02-22T09:35:19.223Z - GET /api/carriers
2026-02-22 20:35:19: [Auth] Facility - Query: undefined Header: undefined Token: null
2026-02-22 20:35:19: [Auth] Admin facilityId set to: null
2026-02-22 20:35:30: 2026-02-22T09:35:30.331Z - POST /api/auth/login
2026-02-22 20:35:31: 2026-02-22T09:35:31.492Z - GET /api/carriers
2026-02-22 20:35:31: [Auth] Facility - Query: undefined Header: undefined Token: FAC-001
2026-02-22 20:35:31: [Auth] Facility locked to token facility: FAC-001
2026-02-22 20:36:29: Initializing database schema...
2026-02-22 20:36:29: Initializing Turso Schema & Seeding Data...
2026-02-22 20:36:37: Schema initialization successful.
2026-02-22 20:36:44: Database schema initialized successfully
2026-02-22 20:36:44: 
2026-02-22 20:36:44: ╔═══════════════════════════════════════════════════════════╗
2026-02-22 20:36:44: ║                                                           ║
2026-02-22 20:36:44: ║   🚛 SwiftYard API Server                                 ║
2026-02-22 20:36:44: ║                                                           ║
2026-02-22 20:36:44: ║   Server running at: http://localhost:4000               ║
2026-02-22 20:36:44: ║   API Base URL: http://localhost:4000/api                ║
2026-02-22 20:36:44: ║   Health Check: http://localhost:4000/health             ║
2026-02-22 20:36:44: ║   Socket.IO: http://localhost:4000                       ║
2026-02-22 20:36:44: ║                                                           ║
2026-02-22 20:36:44: ║   Press Ctrl+C to stop                                    ║
2026-02-22 20:36:44: ║                                                           ║
2026-02-22 20:36:44: ╚═══════════════════════════════════════════════════════════╝
2026-02-22 20:36:44:       
2026-02-22 20:36:49: 2026-02-22T09:36:49.520Z - GET /health
2026-02-22 20:37:21: 2026-02-22T09:37:21.975Z - GET /api/resources
2026-02-22 20:37:21: 2026-02-22T09:37:21.979Z - GET /api/appointments
2026-02-22 20:37:21: 2026-02-22T09:37:21.983Z - GET /api/drivers
2026-02-22 20:37:21: 2026-02-22T09:37:21.984Z - GET /api/trailers
2026-02-22 20:37:21: 2026-02-22T09:37:21.986Z - GET /api/carriers
2026-02-22 20:37:21: 2026-02-22T09:37:21.991Z - GET /api/trailer-types
2026-02-22 20:37:21: 2026-02-22T09:37:21.993Z - GET /api/admin/users
2026-02-22 20:37:21: 2026-02-22T09:37:21.993Z - GET /api/settings/all/list
2026-02-22 20:37:21: 2026-02-22T09:37:21.995Z - GET /api/roles
2026-02-22 20:37:21: 2026-02-22T09:37:21.995Z - GET /api/resources
2026-02-22 20:37:21: 2026-02-22T09:37:21.996Z - GET /api/facilities
2026-02-22 20:37:21: 2026-02-22T09:37:21.996Z - GET /api/appointments
2026-02-22 20:37:21: 2026-02-22T09:37:21.997Z - GET /api/drivers
2026-02-22 20:37:21: 2026-02-22T09:37:21.998Z - GET /api/trailers
2026-02-22 20:37:22: 2026-02-22T09:37:22.001Z - GET /api/carriers
2026-02-22 20:37:22: 2026-02-22T09:37:22.001Z - GET /api/trailer-types
2026-02-22 20:37:22: 2026-02-22T09:37:22.002Z - GET /api/settings/all/list
2026-02-22 20:37:22: 2026-02-22T09:37:22.002Z - GET /api/admin/users
2026-02-22 20:37:22: 2026-02-22T09:37:22.002Z - GET /api/roles
2026-02-22 20:37:22: 2026-02-22T09:37:22.004Z - GET /api/facilities
2026-02-22 20:37:49: 2026-02-22T09:37:49.126Z - GET /api/resources
2026-02-22 20:37:49: 2026-02-22T09:37:49.127Z - GET /api/appointments
2026-02-22 20:37:49: 2026-02-22T09:37:49.127Z - GET /api/trailers
2026-02-22 20:37:49: 2026-02-22T09:37:49.128Z - GET /api/carriers
2026-02-22 20:37:49: 2026-02-22T09:37:49.131Z - GET /api/trailer-types
2026-02-22 20:37:49: 2026-02-22T09:37:49.135Z - GET /api/drivers
2026-02-22 20:37:49: 2026-02-22T09:37:49.139Z - GET /api/admin/users
2026-02-22 20:37:49: 2026-02-22T09:37:49.141Z - GET /api/roles
2026-02-22 20:37:49: 2026-02-22T09:37:49.142Z - GET /api/facilities
2026-02-22 20:37:49: 2026-02-22T09:37:49.142Z - GET /api/resources
2026-02-22 20:37:49: 2026-02-22T09:37:49.150Z - GET /api/settings/all/list
2026-02-22 20:37:49: 2026-02-22T09:37:49.151Z - GET /api/appointments
2026-02-22 20:37:49: 2026-02-22T09:37:49.151Z - GET /api/drivers
2026-02-22 20:37:49: 2026-02-22T09:37:49.152Z - GET /api/trailers
2026-02-22 20:37:49: 2026-02-22T09:37:49.152Z - GET /api/trailer-types
2026-02-22 20:37:49: 2026-02-22T09:37:49.152Z - GET /api/carriers
2026-02-22 20:37:49: 2026-02-22T09:37:49.154Z - GET /api/settings/all/list
2026-02-22 20:37:49: 2026-02-22T09:37:49.155Z - GET /api/admin/users
2026-02-22 20:37:49: 2026-02-22T09:37:49.157Z - GET /api/roles
2026-02-22 20:37:49: 2026-02-22T09:37:49.157Z - GET /api/facilities
2026-02-22 20:39:24: 2026-02-22T09:39:24.062Z - GET /api/resources
2026-02-22 20:39:24: 2026-02-22T09:39:24.063Z - GET /api/appointments
2026-02-22 20:39:24: 2026-02-22T09:39:24.064Z - GET /api/drivers
2026-02-22 20:39:24: 2026-02-22T09:39:24.064Z - GET /api/carriers
2026-02-22 20:39:24: 2026-02-22T09:39:24.064Z - GET /api/trailers
2026-02-22 20:39:24: 2026-02-22T09:39:24.069Z - GET /api/trailer-types
2026-02-22 20:39:24: 2026-02-22T09:39:24.071Z - GET /api/settings/all/list
2026-02-22 20:39:24: 2026-02-22T09:39:24.073Z - GET /api/admin/users
2026-02-22 20:39:24: 2026-02-22T09:39:24.075Z - GET /api/roles
2026-02-22 20:39:24: 2026-02-22T09:39:24.076Z - GET /api/facilities
2026-02-22 20:39:24: 2026-02-22T09:39:24.076Z - GET /api/resources
2026-02-22 20:39:24: 2026-02-22T09:39:24.077Z - GET /api/drivers
2026-02-22 20:39:24: 2026-02-22T09:39:24.078Z - GET /api/appointments
2026-02-22 20:39:24: 2026-02-22T09:39:24.078Z - GET /api/trailers
2026-02-22 20:39:24: 2026-02-22T09:39:24.082Z - GET /api/carriers
2026-02-22 20:39:24: 2026-02-22T09:39:24.082Z - GET /api/trailer-types
2026-02-22 20:39:24: 2026-02-22T09:39:24.083Z - GET /api/settings/all/list
2026-02-22 20:39:24: 2026-02-22T09:39:24.086Z - GET /api/roles
2026-02-22 20:39:24: 2026-02-22T09:39:24.087Z - GET /api/admin/users
2026-02-22 20:39:24: 2026-02-22T09:39:24.089Z - GET /api/facilities
2026-02-22 20:40:13: 2026-02-22T09:40:13.707Z - POST /api/auth/login
2026-02-22 20:40:15: 2026-02-22T09:40:15.147Z - GET /api/resources
2026-02-22 20:40:15: 2026-02-22T09:40:15.152Z - GET /api/appointments
2026-02-22 20:40:15: 2026-02-22T09:40:15.157Z - GET /api/trailers
2026-02-22 20:40:15: 2026-02-22T09:40:15.160Z - GET /api/carriers
2026-02-22 20:40:15: 2026-02-22T09:40:15.161Z - GET /api/trailer-types
2026-02-22 20:40:15: 2026-02-22T09:40:15.163Z - GET /api/drivers
2026-02-22 20:40:15: [Auth] Facility - Query: undefined Header: FAC-001 Token: null
2026-02-22 20:40:15: [Auth] Admin facilityId set to: FAC-001
2026-02-22 20:40:16: [Auth] Facility - Query: undefined Header: FAC-001 Token: null
2026-02-22 20:40:16: [Auth] Admin facilityId set to: FAC-001
2026-02-22 20:40:16: [Appointments] GET - facilityId: FAC-001 user.role: admin
2026-02-22 20:40:16: [Auth] Facility - Query: undefined Header: FAC-001 Token: null
2026-02-22 20:40:16: [Auth] Admin facilityId set to: FAC-001
2026-02-22 20:40:16: [Auth] Facility - Query: undefined Header: FAC-001 Token: null
2026-02-22 20:40:16: [Auth] Admin facilityId set to: FAC-001
2026-02-22 20:40:16: [Auth] Facility - Query: undefined Header: FAC-001 Token: null
2026-02-22 20:40:16: [Auth] Admin facilityId set to: FAC-001
2026-02-22 20:40:16: [Auth] Facility - Query: undefined Header: FAC-001 Token: null
2026-02-22 20:40:16: [Auth] Admin facilityId set to: FAC-001
2026-02-22 20:40:16: [Appointments] Returning: 10 appointments
2026-02-22 20:40:16: 2026-02-22T09:40:16.797Z - GET /api/settings/all/list
2026-02-22 20:40:16: 2026-02-22T09:40:16.802Z - GET /api/admin/users
2026-02-22 20:40:17: [Auth] Facility - Query: undefined Header: FAC-001 Token: null
2026-02-22 20:40:17: [Auth] Admin facilityId set to: FAC-001
2026-02-22 20:40:17: [Auth] Facility - Query: undefined Header: FAC-001 Token: null
2026-02-22 20:40:17: [Auth] Admin facilityId set to: FAC-001
2026-02-22 20:40:17: 2026-02-22T09:40:17.600Z - GET /api/roles
2026-02-22 20:40:17: 2026-02-22T09:40:17.606Z - GET /api/facilities
2026-02-22 20:40:18: [Auth] Facility - Query: undefined Header: FAC-001 Token: null
2026-02-22 20:40:18: [Auth] Admin facilityId set to: FAC-001
2026-02-22 20:40:18: [Auth] Facility - Query: undefined Header: FAC-001 Token: null
2026-02-22 20:40:18: [Auth] Admin facilityId set to: FAC-001
2026-02-22 20:40:28: 2026-02-22T09:40:28.913Z - DELETE /api/admin/users/USR-1771508593320-ld8wa
2026-02-22 20:40:30: [Auth] Facility - Query: undefined Header: undefined Token: null
2026-02-22 20:40:30: [Auth] Admin facilityId set to: null
2026-02-22 20:40:31: 2026-02-22T09:40:31.949Z - GET /api/resources
2026-02-22 20:40:31: 2026-02-22T09:40:31.954Z - GET /api/drivers
2026-02-22 20:40:31: 2026-02-22T09:40:31.959Z - GET /api/appointments
2026-02-22 20:40:31: 2026-02-22T09:40:31.963Z - GET /api/trailers
2026-02-22 20:40:31: 2026-02-22T09:40:31.966Z - GET /api/carriers
2026-02-22 20:40:31: 2026-02-22T09:40:31.968Z - GET /api/trailer-types
2026-02-22 20:40:32: [Auth] Facility - Query: undefined Header: undefined Token: null
2026-02-22 20:40:32: [Auth] Admin facilityId set to: null
2026-02-22 20:40:32: [Auth] Facility - Query: undefined Header: undefined Token: null
2026-02-22 20:40:32: [Auth] Admin facilityId set to: null
2026-02-22 20:40:32: 2026-02-22T09:40:32.933Z - GET /api/settings/all/list
2026-02-22 20:40:33: [Auth] Facility - Query: undefined Header: undefined Token: null
2026-02-22 20:40:33: [Auth] Admin facilityId set to: null
2026-02-22 20:40:33: [Appointments] GET - facilityId: null user.role: admin
2026-02-22 20:40:33: [Auth] Facility - Query: undefined Header: undefined Token: null
2026-02-22 20:40:33: [Auth] Admin facilityId set to: null
2026-02-22 20:40:33: [Auth] Facility - Query: undefined Header: undefined Token: null
2026-02-22 20:40:33: [Auth] Admin facilityId set to: null
2026-02-22 20:40:33: [Auth] Facility - Query: undefined Header: undefined Token: null
2026-02-22 20:40:33: [Auth] Admin facilityId set to: null
2026-02-22 20:40:33: [Auth] Facility - Query: undefined Header: undefined Token: null
2026-02-22 20:40:33: [Auth] Admin facilityId set to: null
2026-02-22 20:40:33: 2026-02-22T09:40:33.630Z - GET /api/roles
2026-02-22 20:40:33: [Appointments] Returning: 11 appointments
2026-02-22 20:40:33: 2026-02-22T09:40:33.653Z - GET /api/admin/users
2026-02-22 20:40:33: 2026-02-22T09:40:33.655Z - GET /api/facilities
2026-02-22 20:40:33: 2026-02-22T09:40:33.657Z - DELETE /api/admin/users/USR-1771508593320-ld8wa
2026-02-22 20:40:34: [Auth] Facility - Query: undefined Header: undefined Token: null
2026-02-22 20:40:34: [Auth] Admin facilityId set to: null
2026-02-22 20:40:34: [Auth] Facility - Query: undefined Header: undefined Token: null
2026-02-22 20:40:34: [Auth] Admin facilityId set to: null
2026-02-22 20:40:34: [Auth] Facility - Query: undefined Header: undefined Token: null
2026-02-22 20:40:34: [Auth] Admin facilityId set to: null
2026-02-22 20:40:34: [Auth] Facility - Query: undefined Header: undefined Token: null
2026-02-22 20:40:34: [Auth] Admin facilityId set to: null
2026-02-22 20:40:39: 2026-02-22T09:40:39.291Z - DELETE /api/admin/users/USR-1771738381592-pnch7
2026-02-22 20:40:40: [Auth] Facility - Query: undefined Header: undefined Token: null
2026-02-22 20:40:40: [Auth] Admin facilityId set to: null
2026-02-22 20:40:42: 2026-02-22T09:40:42.189Z - GET /api/resources
2026-02-22 20:40:42: 2026-02-22T09:40:42.194Z - GET /api/drivers
2026-02-22 20:40:42: 2026-02-22T09:40:42.204Z - GET /api/appointments
2026-02-22 20:40:42: 2026-02-22T09:40:42.207Z - GET /api/trailers
2026-02-22 20:40:42: 2026-02-22T09:40:42.208Z - GET /api/settings/all/list
2026-02-22 20:40:42: 2026-02-22T09:40:42.210Z - GET /api/carriers
2026-02-22 20:40:42: [Auth] Facility - Query: undefined Header: undefined Token: null
2026-02-22 20:40:42: [Auth] Admin facilityId set to: null
2026-02-22 20:40:42: [Auth] Facility - Query: undefined Header: undefined Token: null
2026-02-22 20:40:42: [Auth] Admin facilityId set to: null
2026-02-22 20:40:43: 2026-02-22T09:40:43.000Z - GET /api/trailer-types
2026-02-22 20:40:43: [Auth] Facility - Query: undefined Header: undefined Token: null
2026-02-22 20:40:43: [Auth] Admin facilityId set to: null
2026-02-22 20:40:43: [Auth] Facility - Query: undefined Header: undefined Token: null
2026-02-22 20:40:43: [Auth] Admin facilityId set to: null
2026-02-22 20:40:43: [Auth] Facility - Query: undefined Header: undefined Token: null
2026-02-22 20:40:43: [Auth] Admin facilityId set to: null
2026-02-22 20:40:43: [Appointments] GET - facilityId: null user.role: admin
2026-02-22 20:40:43: [Auth] Facility - Query: undefined Header: undefined Token: null
2026-02-22 20:40:43: [Auth] Admin facilityId set to: null
2026-02-22 20:40:43: [Auth] Facility - Query: undefined Header: undefined Token: null
2026-02-22 20:40:43: [Auth] Admin facilityId set to: null
2026-02-22 20:40:43: 2026-02-22T09:40:43.810Z - GET /api/admin/users
2026-02-22 20:40:43: 2026-02-22T09:40:43.876Z - GET /api/roles
2026-02-22 20:40:43: 2026-02-22T09:40:43.882Z - GET /api/facilities
2026-02-22 20:40:44: [Auth] Facility - Query: undefined Header: undefined Token: null
2026-02-22 20:40:44: [Auth] Admin facilityId set to: null
2026-02-22 20:40:44: [Auth] Facility - Query: undefined Header: undefined Token: null
2026-02-22 20:40:44: [Auth] Admin facilityId set to: null
2026-02-22 20:40:44: [Auth] Facility - Query: undefined Header: undefined Token: null
2026-02-22 20:40:44: [Auth] Admin facilityId set to: null
2026-02-22 20:40:44: [Appointments] Returning: 11 appointments
2026-02-22 20:41:25: 2026-02-22T09:41:25.387Z - DELETE /api/admin/users/4vSlX8ex55ZKAc8rB4ntHegGj345
2026-02-22 20:41:26: [Auth] Facility - Query: undefined Header: undefined Token: null
2026-02-22 20:41:26: [Auth] Admin facilityId set to: null
2026-02-22 20:41:28: 2026-02-22T09:41:28.466Z - GET /api/drivers
2026-02-22 20:41:28: 2026-02-22T09:41:28.474Z - GET /api/resources
2026-02-22 20:41:28: 2026-02-22T09:41:28.477Z - GET /api/trailers
2026-02-22 20:41:28: 2026-02-22T09:41:28.482Z - GET /api/appointments
2026-02-22 20:41:28: 2026-02-22T09:41:28.485Z - GET /api/trailer-types
2026-02-22 20:41:28: 2026-02-22T09:41:28.488Z - GET /api/carriers
2026-02-22 20:41:28: [Auth] Facility - Query: undefined Header: undefined Token: null
2026-02-22 20:41:28: [Auth] Admin facilityId set to: null
2026-02-22 20:41:29: [Auth] Facility - Query: undefined Header: undefined Token: null
2026-02-22 20:41:29: [Auth] Admin facilityId set to: null
2026-02-22 20:41:29: [Auth] Facility - Query: undefined Header: undefined Token: null
2026-02-22 20:41:29: [Auth] Admin facilityId set to: null
2026-02-22 20:41:29: [Auth] Facility - Query: undefined Header: undefined Token: null
2026-02-22 20:41:29: [Auth] Admin facilityId set to: null
2026-02-22 20:41:29: [Auth] Facility - Query: undefined Header: undefined Token: null
2026-02-22 20:41:29: [Auth] Admin facilityId set to: null
2026-02-22 20:41:29: 2026-02-22T09:41:29.948Z - GET /api/settings/all/list
2026-02-22 20:41:30: 2026-02-22T09:41:30.033Z - GET /api/admin/users
2026-02-22 20:41:30: 2026-02-22T09:41:30.120Z - GET /api/roles
2026-02-22 20:41:30: 2026-02-22T09:41:30.168Z - GET /api/facilities
2026-02-22 20:41:30: [Auth] Facility - Query: undefined Header: undefined Token: null
2026-02-22 20:41:30: [Auth] Admin facilityId set to: null
2026-02-22 20:41:30: [Appointments] GET - facilityId: null user.role: admin
2026-02-22 20:41:30: [Auth] Facility - Query: undefined Header: undefined Token: null
2026-02-22 20:41:30: [Auth] Admin facilityId set to: null
2026-02-22 20:41:30: [Auth] Facility - Query: undefined Header: undefined Token: null
2026-02-22 20:41:30: [Auth] Admin facilityId set to: null
2026-02-22 20:41:30: [Auth] Facility - Query: undefined Header: undefined Token: null
2026-02-22 20:41:30: [Auth] Admin facilityId set to: null
2026-02-22 20:41:30: [Auth] Facility - Query: undefined Header: undefined Token: null
2026-02-22 20:41:30: [Auth] Admin facilityId set to: null
2026-02-22 20:41:30: [Appointments] Returning: 11 appointments
2026-02-22 20:46:49: 2026-02-22T09:46:49.765Z - GET /api/resources
2026-02-22 20:46:49: 2026-02-22T09:46:49.766Z - GET /api/trailers
2026-02-22 20:46:49: 2026-02-22T09:46:49.767Z - GET /api/carriers
2026-02-22 20:46:49: 2026-02-22T09:46:49.768Z - GET /api/appointments
2026-02-22 20:46:49: 2026-02-22T09:46:49.769Z - GET /api/drivers
2026-02-22 20:46:49: 2026-02-22T09:46:49.770Z - GET /api/trailer-types
2026-02-22 20:46:51: [Auth] Facility - Query: undefined Header: undefined Token: null
2026-02-22 20:46:51: [Auth] Admin facilityId set to: null
2026-02-22 20:46:51: [Auth] Facility - Query: undefined Header: undefined Token: null
2026-02-22 20:46:51: [Auth] Admin facilityId set to: null
2026-02-22 20:46:51: [Appointments] GET - facilityId: null user.role: admin
2026-02-22 20:46:51: [Auth] Facility - Query: undefined Header: undefined Token: null
2026-02-22 20:46:51: [Auth] Admin facilityId set to: null
2026-02-22 20:46:51: [Auth] Facility - Query: undefined Header: undefined Token: null
2026-02-22 20:46:51: [Auth] Admin facilityId set to: null
2026-02-22 20:46:51: [Auth] Facility - Query: undefined Header: undefined Token: null
2026-02-22 20:46:51: [Auth] Admin facilityId set to: null
2026-02-22 20:46:51: [Auth] Facility - Query: undefined Header: undefined Token: null
2026-02-22 20:46:51: [Auth] Admin facilityId set to: null
2026-02-22 20:46:51: [Appointments] Returning: 11 appointments
2026-02-22 20:46:51: 2026-02-22T09:46:51.550Z - GET /api/settings/all/list
2026-02-22 20:46:51: 2026-02-22T09:46:51.551Z - GET /api/admin/users
2026-02-22 20:46:51: 2026-02-22T09:46:51.552Z - GET /api/roles
2026-02-22 20:46:51: [Auth] Facility - Query: undefined Header: undefined Token: null
2026-02-22 20:46:51: [Auth] Admin facilityId set to: null
2026-02-22 20:46:51: [Auth] Facility - Query: undefined Header: undefined Token: null
2026-02-22 20:46:51: [Auth] Admin facilityId set to: null
2026-02-22 20:46:51: [Auth] Facility - Query: undefined Header: undefined Token: null
2026-02-22 20:46:51: [Auth] Admin facilityId set to: null
2026-02-22 20:46:52: 2026-02-22T09:46:52.219Z - GET /api/facilities
2026-02-22 20:46:52: 2026-02-22T09:46:52.286Z - GET /api/auth/me
2026-02-22 20:46:52: 2026-02-22T09:46:52.287Z - GET /api/resources
2026-02-22 20:46:52: 2026-02-22T09:46:52.288Z - GET /api/appointments
2026-02-22 20:46:52: 2026-02-22T09:46:52.290Z - GET /api/drivers
2026-02-22 20:46:52: 2026-02-22T09:46:52.367Z - GET /api/trailers
2026-02-22 20:46:52: 2026-02-22T09:46:52.376Z - GET /api/carriers
2026-02-22 20:46:52: [Auth] Facility - Query: undefined Header: undefined Token: null
2026-02-22 20:46:52: [Auth] Admin facilityId set to: null
2026-02-22 20:46:52: [Auth] Facility - Query: undefined Header: undefined Token: null
2026-02-22 20:46:52: [Auth] Admin facilityId set to: null
2026-02-22 20:46:52: [Auth] Facility - Query: undefined Header: undefined Token: null
2026-02-22 20:46:52: [Auth] Admin facilityId set to: null
2026-02-22 20:46:52: [Appointments] GET - facilityId: null user.role: admin
2026-02-22 20:46:52: [Auth] Facility - Query: undefined Header: undefined Token: null
2026-02-22 20:46:52: [Auth] Admin facilityId set to: null
2026-02-22 20:46:52: [Auth] Facility - Query: undefined Header: undefined Token: null
2026-02-22 20:46:52: [Auth] Admin facilityId set to: null
2026-02-22 20:46:52: [Auth] Facility - Query: undefined Header: undefined Token: null
2026-02-22 20:46:52: [Auth] Admin facilityId set to: null
2026-02-22 20:46:53: 2026-02-22T09:46:53.252Z - GET /api/trailer-types
2026-02-22 20:46:53: 2026-02-22T09:46:53.474Z - GET /api/settings/all/list
2026-02-22 20:46:53: [Appointments] Returning: 11 appointments
2026-02-22 20:46:53: 2026-02-22T09:46:53.573Z - GET /api/admin/users
2026-02-22 20:46:53: 2026-02-22T09:46:53.574Z - GET /api/roles
2026-02-22 20:46:53: 2026-02-22T09:46:53.935Z - GET /api/facilities
2026-02-22 20:46:54: [Auth] Facility - Query: undefined Header: undefined Token: null
2026-02-22 20:46:54: [Auth] Admin facilityId set to: null
2026-02-22 20:46:54: [Auth] Facility - Query: undefined Header: undefined Token: null
2026-02-22 20:46:54: [Auth] Admin facilityId set to: null
2026-02-22 20:46:54: [Auth] Facility - Query: undefined Header: undefined Token: null
2026-02-22 20:46:54: [Auth] Admin facilityId set to: null
2026-02-22 20:46:54: [Auth] Facility - Query: undefined Header: undefined Token: null
2026-02-22 20:46:54: [Auth] Admin facilityId set to: null
2026-02-22 20:46:54: [Auth] Facility - Query: undefined Header: undefined Token: null
2026-02-22 20:46:54: [Auth] Admin facilityId set to: null
2026-02-22 20:49:26: Initializing database schema...
2026-02-22 20:49:26: Initializing Turso Schema & Seeding Data...
2026-02-22 20:49:35: Schema initialization successful.
2026-02-22 20:49:41: Database schema initialized successfully
2026-02-22 20:49:41: 
2026-02-22 20:49:41: ╔═══════════════════════════════════════════════════════════╗
2026-02-22 20:49:41: ║                                                           ║
2026-02-22 20:49:41: ║   🚛 SwiftYard API Server                                 ║
2026-02-22 20:49:41: ║                                                           ║
2026-02-22 20:49:41: ║   Server running at: http://localhost:4000               ║
2026-02-22 20:49:41: ║   API Base URL: http://localhost:4000/api                ║
2026-02-22 20:49:41: ║   Health Check: http://localhost:4000/health             ║
2026-02-22 20:49:41: ║   Socket.IO: http://localhost:4000                       ║
2026-02-22 20:49:41: ║                                                           ║
2026-02-22 20:49:41: ║   Press Ctrl+C to stop                                    ║
2026-02-22 20:49:41: ║                                                           ║
2026-02-22 20:49:41: ╚═══════════════════════════════════════════════════════════╝
2026-02-22 20:49:41:       
2026-02-22 20:49:53: 2026-02-22T09:49:53.916Z - GET /health
2026-02-22 20:57:15: 2026-02-22T09:57:15.352Z - GET /api/resources
2026-02-22 20:57:15: 2026-02-22T09:57:15.353Z - GET /api/appointments
2026-02-22 20:57:15: 2026-02-22T09:57:15.353Z - GET /api/trailers
2026-02-22 20:57:15: 2026-02-22T09:57:15.354Z - GET /api/drivers
2026-02-22 20:57:15: 2026-02-22T09:57:15.354Z - GET /api/carriers
2026-02-22 20:57:15: 2026-02-22T09:57:15.355Z - GET /api/trailer-types
2026-02-22 20:57:15: 2026-02-22T09:57:15.360Z - GET /api/settings/all/list
2026-02-22 20:57:15: 2026-02-22T09:57:15.361Z - GET /api/admin/users
2026-02-22 20:57:15: 2026-02-22T09:57:15.363Z - GET /api/roles
2026-02-22 20:57:15: 2026-02-22T09:57:15.363Z - GET /api/facilities
2026-02-22 20:57:15: 2026-02-22T09:57:15.363Z - GET /api/appointments
2026-02-22 20:57:15: 2026-02-22T09:57:15.364Z - GET /api/resources
2026-02-22 20:57:15: 2026-02-22T09:57:15.365Z - GET /api/drivers
2026-02-22 20:57:15: 2026-02-22T09:57:15.366Z - GET /api/trailers
2026-02-22 20:57:15: 2026-02-22T09:57:15.368Z - GET /api/trailer-types
2026-02-22 20:57:15: 2026-02-22T09:57:15.368Z - GET /api/carriers
2026-02-22 20:57:15: 2026-02-22T09:57:15.370Z - GET /api/settings/all/list
2026-02-22 20:57:15: 2026-02-22T09:57:15.371Z - GET /api/admin/users
2026-02-22 20:57:15: 2026-02-22T09:57:15.372Z - GET /api/roles
2026-02-22 20:57:15: 2026-02-22T09:57:15.373Z - GET /api/facilities
2026-02-22 20:57:55: 2026-02-22T09:57:55.014Z - GET /api/resources
2026-02-22 20:57:55: 2026-02-22T09:57:55.014Z - GET /api/appointments
2026-02-22 20:57:55: 2026-02-22T09:57:55.014Z - GET /api/drivers
2026-02-22 20:57:55: 2026-02-22T09:57:55.014Z - GET /api/trailers
2026-02-22 20:57:55: 2026-02-22T09:57:55.017Z - GET /api/trailer-types
2026-02-22 20:57:55: 2026-02-22T09:57:55.019Z - GET /api/carriers
2026-02-22 20:57:55: 2026-02-22T09:57:55.020Z - GET /api/settings/all/list
2026-02-22 20:57:55: 2026-02-22T09:57:55.023Z - GET /api/admin/users
2026-02-22 20:57:55: 2026-02-22T09:57:55.023Z - GET /api/roles
2026-02-22 20:57:55: 2026-02-22T09:57:55.025Z - GET /api/facilities
2026-02-22 20:57:55: 2026-02-22T09:57:55.026Z - GET /api/appointments
2026-02-22 20:57:55: 2026-02-22T09:57:55.026Z - GET /api/resources
2026-02-22 20:57:55: 2026-02-22T09:57:55.028Z - GET /api/drivers
2026-02-22 20:57:55: 2026-02-22T09:57:55.029Z - GET /api/trailers
2026-02-22 20:57:55: 2026-02-22T09:57:55.031Z - GET /api/carriers
2026-02-22 20:57:55: 2026-02-22T09:57:55.032Z - GET /api/settings/all/list
2026-02-22 20:57:55: 2026-02-22T09:57:55.032Z - GET /api/admin/users
2026-02-22 20:57:55: 2026-02-22T09:57:55.033Z - GET /api/trailer-types
2026-02-22 20:57:55: 2026-02-22T09:57:55.035Z - GET /api/roles
2026-02-22 20:57:55: 2026-02-22T09:57:55.035Z - GET /api/facilities
2026-02-22 20:58:31: 2026-02-22T09:58:31.849Z - POST /api/auth/login
2026-02-22 20:58:33: 2026-02-22T09:58:33.254Z - GET /api/resources
2026-02-22 20:58:33: 2026-02-22T09:58:33.262Z - GET /api/appointments
2026-02-22 20:58:33: 2026-02-22T09:58:33.265Z - GET /api/trailers
2026-02-22 20:58:33: 2026-02-22T09:58:33.267Z - GET /api/carriers
2026-02-22 20:58:33: 2026-02-22T09:58:33.270Z - GET /api/trailer-types
2026-02-22 20:58:33: 2026-02-22T09:58:33.271Z - GET /api/drivers
2026-02-22 20:58:33: [Auth] Facility - Query: undefined Header: FAC-001 Token: null
2026-02-22 20:58:33: [Auth] Admin facilityId set to: FAC-001
2026-02-22 20:58:34: [Auth] Facility - Query: undefined Header: FAC-001 Token: null
2026-02-22 20:58:34: [Auth] Admin facilityId set to: FAC-001
2026-02-22 20:58:34: [Auth] Facility - Query: undefined Header: FAC-001 Token: null
2026-02-22 20:58:34: [Auth] Admin facilityId set to: FAC-001
2026-02-22 20:58:34: [Auth] Facility - Query: undefined Header: FAC-001 Token: null
2026-02-22 20:58:34: [Auth] Admin facilityId set to: FAC-001
2026-02-22 20:58:34: [Auth] Facility - Query: undefined Header: FAC-001 Token: null
2026-02-22 20:58:34: [Auth] Admin facilityId set to: FAC-001
2026-02-22 20:58:35: 2026-02-22T09:58:35.027Z - GET /api/settings/all/list
2026-02-22 20:58:35: 2026-02-22T09:58:35.030Z - GET /api/admin/users
2026-02-22 20:58:35: [Auth] Facility - Query: undefined Header: FAC-001 Token: null
2026-02-22 20:58:35: [Auth] Admin facilityId set to: FAC-001
2026-02-22 20:58:35: [Auth] Facility - Query: undefined Header: FAC-001 Token: null
2026-02-22 20:58:35: [Auth] Admin facilityId set to: FAC-001
2026-02-22 20:58:35: [Auth] Facility - Query: undefined Header: FAC-001 Token: null
2026-02-22 20:58:35: [Auth] Admin facilityId set to: FAC-001
2026-02-22 20:58:35: [Appointments] GET - facilityId: FAC-001 user.role: admin
2026-02-22 20:58:35: [Appointments] Returning: 10 appointments
2026-02-22 20:58:35: 2026-02-22T09:58:35.848Z - GET /api/roles
2026-02-22 20:58:35: 2026-02-22T09:58:35.851Z - GET /api/facilities
2026-02-22 20:58:36: [Auth] Facility - Query: undefined Header: FAC-001 Token: null
2026-02-22 20:58:36: [Auth] Admin facilityId set to: FAC-001
2026-02-22 20:58:36: [Auth] Facility - Query: undefined Header: FAC-001 Token: null
2026-02-22 20:58:36: [Auth] Admin facilityId set to: FAC-001
2026-02-22 20:59:14: 2026-02-22T09:59:14.271Z - POST /api/admin/users
2026-02-22 20:59:15: [Auth] Facility - Query: undefined Header: undefined Token: null
2026-02-22 20:59:15: [Auth] Admin facilityId set to: null
2026-02-22 21:00:53: 2026-02-22T10:00:53.996Z - GET /api/resources
2026-02-22 21:00:54: 2026-02-22T10:00:54.013Z - GET /api/drivers
2026-02-22 21:00:54: 2026-02-22T10:00:54.017Z - GET /api/carriers
2026-02-22 21:00:54: 2026-02-22T10:00:54.019Z - GET /api/appointments
2026-02-22 21:00:54: 2026-02-22T10:00:54.020Z - GET /api/trailer-types
2026-02-22 21:00:54: 2026-02-22T10:00:54.021Z - GET /api/trailers
2026-02-22 21:00:55: [Auth] Facility - Query: undefined Header: undefined Token: null
2026-02-22 21:00:55: [Auth] Admin facilityId set to: null
2026-02-22 21:00:55: [Auth] Facility - Query: undefined Header: undefined Token: null
2026-02-22 21:00:55: [Auth] Admin facilityId set to: null
2026-02-22 21:00:55: [Auth] Facility - Query: undefined Header: undefined Token: null
2026-02-22 21:00:55: [Auth] Admin facilityId set to: null
2026-02-22 21:00:55: [Auth] Facility - Query: undefined Header: undefined Token: null
2026-02-22 21:00:55: [Auth] Admin facilityId set to: null
2026-02-22 21:00:55: [Appointments] GET - facilityId: null user.role: admin
2026-02-22 21:00:55: [Auth] Facility - Query: undefined Header: undefined Token: null
2026-02-22 21:00:55: [Auth] Admin facilityId set to: null
2026-02-22 21:00:55: [Auth] Facility - Query: undefined Header: undefined Token: null
2026-02-22 21:00:55: [Auth] Admin facilityId set to: null
2026-02-22 21:00:55: [Appointments] Returning: 11 appointments
2026-02-22 21:00:55: 2026-02-22T10:00:55.629Z - GET /api/admin/users
2026-02-22 21:00:55: 2026-02-22T10:00:55.631Z - GET /api/settings/all/list
2026-02-22 21:00:56: [Auth] Facility - Query: undefined Header: undefined Token: null
2026-02-22 21:00:56: [Auth] Admin facilityId set to: null
2026-02-22 21:00:56: [Auth] Facility - Query: undefined Header: undefined Token: null
2026-02-22 21:00:56: [Auth] Admin facilityId set to: null
2026-02-22 21:00:56: 2026-02-22T10:00:56.438Z - GET /api/roles
2026-02-22 21:00:56: 2026-02-22T10:00:56.443Z - GET /api/facilities
2026-02-22 21:00:56: [Auth] Facility - Query: undefined Header: undefined Token: null
2026-02-22 21:00:56: [Auth] Admin facilityId set to: null
2026-02-22 21:00:56: [Auth] Facility - Query: undefined Header: undefined Token: null
2026-02-22 21:00:56: [Auth] Admin facilityId set to: null
2026-02-22 21:01:10: 2026-02-22T10:01:10.195Z - GET /api/appointments
2026-02-22 21:01:10: 2026-02-22T10:01:10.204Z - GET /api/resources
2026-02-22 21:01:10: 2026-02-22T10:01:10.207Z - GET /api/drivers
2026-02-22 21:01:10: 2026-02-22T10:01:10.212Z - GET /api/trailers
2026-02-22 21:01:10: 2026-02-22T10:01:10.214Z - GET /api/trailer-types
2026-02-22 21:01:10: 2026-02-22T10:01:10.215Z - GET /api/carriers
2026-02-22 21:01:11: [Auth] Facility - Query: undefined Header: undefined Token: null
2026-02-22 21:01:11: [Auth] Admin facilityId set to: null
2026-02-22 21:01:11: [Auth] Facility - Query: undefined Header: undefined Token: null
2026-02-22 21:01:11: [Auth] Admin facilityId set to: null
2026-02-22 21:01:11: [Auth] Facility - Query: undefined Header: undefined Token: null
2026-02-22 21:01:11: [Auth] Admin facilityId set to: null
2026-02-22 21:01:11: [Auth] Facility - Query: undefined Header: undefined Token: null
2026-02-22 21:01:11: [Auth] Admin facilityId set to: null
2026-02-22 21:01:11: [Appointments] GET - facilityId: null user.role: admin
2026-02-22 21:01:11: [Auth] Facility - Query: undefined Header: undefined Token: null
2026-02-22 21:01:11: [Auth] Admin facilityId set to: null
2026-02-22 21:01:11: [Auth] Facility - Query: undefined Header: undefined Token: null
2026-02-22 21:01:11: [Auth] Admin facilityId set to: null
2026-02-22 21:01:11: 2026-02-22T10:01:11.905Z - GET /api/settings/all/list
2026-02-22 21:01:11: 2026-02-22T10:01:11.913Z - GET /api/admin/users
2026-02-22 21:01:12: [Auth] Facility - Query: undefined Header: undefined Token: null
2026-02-22 21:01:12: [Auth] Admin facilityId set to: null
2026-02-22 21:01:12: [Auth] Facility - Query: undefined Header: undefined Token: null
2026-02-22 21:01:12: [Auth] Admin facilityId set to: null
2026-02-22 21:01:12: [Appointments] Returning: 11 appointments
2026-02-22 21:01:12: 2026-02-22T10:01:12.726Z - GET /api/roles
2026-02-22 21:01:12: 2026-02-22T10:01:12.729Z - GET /api/facilities
2026-02-22 21:01:13: [Auth] Facility - Query: undefined Header: undefined Token: null
2026-02-22 21:01:13: [Auth] Admin facilityId set to: null
2026-02-22 21:01:13: [Auth] Facility - Query: undefined Header: undefined Token: null
2026-02-22 21:01:13: [Auth] Admin facilityId set to: null
2026-02-22 21:02:05: 2026-02-22T10:02:05.926Z - GET /api/resources
2026-02-22 21:02:05: 2026-02-22T10:02:05.938Z - GET /api/drivers
2026-02-22 21:02:05: 2026-02-22T10:02:05.945Z - GET /api/trailers
2026-02-22 21:02:05: 2026-02-22T10:02:05.948Z - GET /api/carriers
2026-02-22 21:02:05: 2026-02-22T10:02:05.952Z - GET /api/trailer-types
2026-02-22 21:02:05: 2026-02-22T10:02:05.954Z - GET /api/appointments
2026-02-22 21:02:07: [Auth] Facility - Query: undefined Header: undefined Token: null
2026-02-22 21:02:07: [Auth] Admin facilityId set to: null
2026-02-22 21:02:07: [Auth] Facility - Query: undefined Header: undefined Token: null
2026-02-22 21:02:07: [Auth] Admin facilityId set to: null
2026-02-22 21:02:07: [Auth] Facility - Query: undefined Header: undefined Token: null
2026-02-22 21:02:07: [Auth] Admin facilityId set to: null
2026-02-22 21:02:07: [Auth] Facility - Query: undefined Header: undefined Token: null
2026-02-22 21:02:07: [Auth] Admin facilityId set to: null
2026-02-22 21:02:07: [Auth] Facility - Query: undefined Header: undefined Token: null
2026-02-22 21:02:07: [Auth] Admin facilityId set to: null
2026-02-22 21:02:07: [Appointments] GET - facilityId: null user.role: admin
2026-02-22 21:02:07: [Auth] Facility - Query: undefined Header: undefined Token: null
2026-02-22 21:02:07: [Auth] Admin facilityId set to: null
2026-02-22 21:02:07: 2026-02-22T10:02:07.609Z - GET /api/settings/all/list
2026-02-22 21:02:07: [Auth] Facility - Query: undefined Header: undefined Token: null
2026-02-22 21:02:07: [Auth] Admin facilityId set to: null
2026-02-22 21:02:08: 2026-02-22T10:02:08.307Z - GET /api/admin/users
2026-02-22 21:02:08: [Appointments] Returning: 11 appointments
2026-02-22 21:02:08: 2026-02-22T10:02:08.368Z - GET /api/roles
2026-02-22 21:02:08: 2026-02-22T10:02:08.372Z - GET /api/facilities
2026-02-22 21:02:08: [Auth] Facility - Query: undefined Header: undefined Token: null
2026-02-22 21:02:08: [Auth] Admin facilityId set to: null
2026-02-22 21:02:08: [Auth] Facility - Query: undefined Header: undefined Token: null
2026-02-22 21:02:08: [Auth] Admin facilityId set to: null
2026-02-22 21:02:08: [Auth] Facility - Query: undefined Header: undefined Token: null
2026-02-22 21:02:08: [Auth] Admin facilityId set to: null
2026-02-22 21:03:50: 2026-02-22T10:03:50.729Z - GET /api/auth/me
2026-02-22 21:03:50: 2026-02-22T10:03:50.730Z - GET /api/auth/me
2026-02-22 21:03:50: 2026-02-22T10:03:50.749Z - GET /api/drivers
2026-02-22 21:03:50: 2026-02-22T10:03:50.750Z - GET /api/resources
2026-02-22 21:03:50: 2026-02-22T10:03:50.750Z - GET /api/appointments
2026-02-22 21:03:50: 2026-02-22T10:03:50.754Z - GET /api/trailer-types
2026-02-22 21:03:50: 2026-02-22T10:03:50.756Z - GET /api/trailers
2026-02-22 21:03:50: 2026-02-22T10:03:50.757Z - GET /api/carriers
2026-02-22 21:03:50: 2026-02-22T10:03:50.757Z - GET /api/settings/all/list
2026-02-22 21:03:50: 2026-02-22T10:03:50.757Z - GET /api/resources
2026-02-22 21:03:50: 2026-02-22T10:03:50.758Z - GET /api/appointments
2026-02-22 21:03:50: 2026-02-22T10:03:50.758Z - GET /api/roles
2026-02-22 21:03:50: 2026-02-22T10:03:50.763Z - GET /api/facilities
2026-02-22 21:03:50: 2026-02-22T10:03:50.764Z - GET /api/drivers
2026-02-22 21:03:50: 2026-02-22T10:03:50.764Z - GET /api/trailers
2026-02-22 21:03:50: 2026-02-22T10:03:50.764Z - GET /api/admin/users
2026-02-22 21:03:50: 2026-02-22T10:03:50.765Z - GET /api/trailer-types
2026-02-22 21:03:50: 2026-02-22T10:03:50.766Z - GET /api/carriers
2026-02-22 21:03:50: 2026-02-22T10:03:50.768Z - GET /api/settings/all/list
2026-02-22 21:03:50: 2026-02-22T10:03:50.771Z - GET /api/admin/users
2026-02-22 21:03:50: 2026-02-22T10:03:50.771Z - GET /api/roles
2026-02-22 21:03:50: 2026-02-22T10:03:50.772Z - GET /api/facilities
2026-02-22 21:04:15: 2026-02-22T10:04:15.823Z - GET /api/resources
2026-02-22 21:04:15: 2026-02-22T10:04:15.823Z - GET /api/appointments
2026-02-22 21:04:15: 2026-02-22T10:04:15.823Z - GET /api/trailers
2026-02-22 21:04:15: 2026-02-22T10:04:15.824Z - GET /api/drivers
2026-02-22 21:04:15: 2026-02-22T10:04:15.825Z - GET /api/carriers
2026-02-22 21:04:15: 2026-02-22T10:04:15.828Z - GET /api/trailer-types
2026-02-22 21:04:15: 2026-02-22T10:04:15.831Z - GET /api/settings/all/list
2026-02-22 21:04:15: 2026-02-22T10:04:15.833Z - GET /api/admin/users
2026-02-22 21:04:15: 2026-02-22T10:04:15.833Z - GET /api/roles
2026-02-22 21:04:15: 2026-02-22T10:04:15.833Z - GET /api/facilities
2026-02-22 21:04:15: 2026-02-22T10:04:15.833Z - GET /api/resources
2026-02-22 21:04:15: 2026-02-22T10:04:15.834Z - GET /api/appointments
2026-02-22 21:04:15: 2026-02-22T10:04:15.840Z - GET /api/drivers
2026-02-22 21:04:15: 2026-02-22T10:04:15.841Z - GET /api/carriers
2026-02-22 21:04:15: 2026-02-22T10:04:15.841Z - GET /api/trailer-types
2026-02-22 21:04:15: 2026-02-22T10:04:15.841Z - GET /api/trailers
2026-02-22 21:04:15: 2026-02-22T10:04:15.841Z - GET /api/settings/all/list
2026-02-22 21:04:15: 2026-02-22T10:04:15.842Z - GET /api/admin/users
2026-02-22 21:04:15: 2026-02-22T10:04:15.847Z - GET /api/facilities
2026-02-22 21:04:15: 2026-02-22T10:04:15.848Z - GET /api/roles
2026-02-22 21:07:55: 2026-02-22T10:07:55.597Z - GET /api/appointments
2026-02-22 21:07:55: 2026-02-22T10:07:55.598Z - GET /api/trailer-types
2026-02-22 21:07:55: 2026-02-22T10:07:55.598Z - GET /api/drivers
2026-02-22 21:07:55: 2026-02-22T10:07:55.599Z - GET /api/trailers
2026-02-22 21:07:55: 2026-02-22T10:07:55.599Z - GET /api/carriers
2026-02-22 21:07:55: 2026-02-22T10:07:55.600Z - GET /api/resources
2026-02-22 21:07:55: 2026-02-22T10:07:55.607Z - GET /api/settings/all/list
2026-02-22 21:07:55: 2026-02-22T10:07:55.608Z - GET /api/roles
2026-02-22 21:07:55: 2026-02-22T10:07:55.609Z - GET /api/facilities
2026-02-22 21:07:55: 2026-02-22T10:07:55.609Z - GET /api/admin/users
2026-02-22 21:07:55: 2026-02-22T10:07:55.609Z - GET /api/resources
2026-02-22 21:07:55: 2026-02-22T10:07:55.610Z - GET /api/appointments
2026-02-22 21:07:55: 2026-02-22T10:07:55.611Z - GET /api/drivers
2026-02-22 21:07:55: 2026-02-22T10:07:55.613Z - GET /api/trailers
2026-02-22 21:07:55: 2026-02-22T10:07:55.614Z - GET /api/carriers
2026-02-22 21:07:55: 2026-02-22T10:07:55.615Z - GET /api/trailer-types
2026-02-22 21:07:55: 2026-02-22T10:07:55.615Z - GET /api/settings/all/list
2026-02-22 21:07:55: 2026-02-22T10:07:55.616Z - GET /api/admin/users
2026-02-22 21:07:55: 2026-02-22T10:07:55.617Z - GET /api/roles
2026-02-22 21:07:55: 2026-02-22T10:07:55.617Z - GET /api/facilities
2026-02-22 21:08:15: 2026-02-22T10:08:15.422Z - GET /api/resources
2026-02-22 21:08:15: 2026-02-22T10:08:15.423Z - GET /api/appointments
2026-02-22 21:08:15: 2026-02-22T10:08:15.423Z - GET /api/drivers
2026-02-22 21:08:15: 2026-02-22T10:08:15.424Z - GET /api/trailers
2026-02-22 21:08:15: 2026-02-22T10:08:15.425Z - GET /api/carriers
2026-02-22 21:08:15: 2026-02-22T10:08:15.426Z - GET /api/trailer-types
2026-02-22 21:08:15: 2026-02-22T10:08:15.431Z - GET /api/settings/all/list
2026-02-22 21:08:15: 2026-02-22T10:08:15.432Z - GET /api/admin/users
2026-02-22 21:08:15: 2026-02-22T10:08:15.432Z - GET /api/facilities
2026-02-22 21:08:15: 2026-02-22T10:08:15.432Z - GET /api/roles
2026-02-22 21:08:31: 2026-02-22T10:08:31.245Z - GET /api/appointments
2026-02-22 21:08:31: 2026-02-22T10:08:31.246Z - GET /api/resources
2026-02-22 21:08:31: 2026-02-22T10:08:31.247Z - GET /api/drivers
2026-02-22 21:08:31: 2026-02-22T10:08:31.247Z - GET /api/trailers
2026-02-22 21:08:31: 2026-02-22T10:08:31.247Z - GET /api/carriers
2026-02-22 21:08:31: 2026-02-22T10:08:31.252Z - GET /api/trailer-types
2026-02-22 21:08:31: 2026-02-22T10:08:31.256Z - GET /api/settings/all/list
2026-02-22 21:08:31: 2026-02-22T10:08:31.257Z - GET /api/admin/users
2026-02-22 21:08:31: 2026-02-22T10:08:31.258Z - GET /api/roles
2026-02-22 21:08:31: 2026-02-22T10:08:31.258Z - GET /api/facilities
2026-02-22 21:08:31: 2026-02-22T10:08:31.259Z - GET /api/resources
2026-02-22 21:08:31: 2026-02-22T10:08:31.259Z - GET /api/appointments
2026-02-22 21:08:31: 2026-02-22T10:08:31.270Z - GET /api/drivers
2026-02-22 21:08:31: 2026-02-22T10:08:31.271Z - GET /api/trailers
2026-02-22 21:08:31: 2026-02-22T10:08:31.274Z - GET /api/carriers
2026-02-22 21:08:31: 2026-02-22T10:08:31.274Z - GET /api/settings/all/list
2026-02-22 21:08:31: 2026-02-22T10:08:31.274Z - GET /api/admin/users
2026-02-22 21:08:31: 2026-02-22T10:08:31.274Z - GET /api/trailer-types
2026-02-22 21:08:31: 2026-02-22T10:08:31.276Z - GET /api/roles
2026-02-22 21:08:31: 2026-02-22T10:08:31.277Z - GET /api/facilities
2026-02-22 21:13:41: 2026-02-22T10:13:41.844Z - GET /api/resources
2026-02-22 21:13:41: 2026-02-22T10:13:41.845Z - GET /api/appointments
2026-02-22 21:13:41: 2026-02-22T10:13:41.845Z - GET /api/drivers
2026-02-22 21:13:41: 2026-02-22T10:13:41.845Z - GET /api/trailers
2026-02-22 21:13:41: 2026-02-22T10:13:41.846Z - GET /api/trailer-types
2026-02-22 21:13:41: 2026-02-22T10:13:41.846Z - GET /api/carriers
2026-02-22 21:13:41: 2026-02-22T10:13:41.854Z - GET /api/settings/all/list
2026-02-22 21:13:41: 2026-02-22T10:13:41.854Z - GET /api/admin/users
2026-02-22 21:13:41: 2026-02-22T10:13:41.855Z - GET /api/roles
2026-02-22 21:13:41: 2026-02-22T10:13:41.856Z - GET /api/resources
2026-02-22 21:13:41: 2026-02-22T10:13:41.856Z - GET /api/facilities
2026-02-22 21:13:41: 2026-02-22T10:13:41.856Z - GET /api/appointments
2026-02-22 21:13:41: 2026-02-22T10:13:41.857Z - GET /api/drivers
2026-02-22 21:13:41: 2026-02-22T10:13:41.859Z - GET /api/trailers
2026-02-22 21:13:41: 2026-02-22T10:13:41.861Z - GET /api/carriers
2026-02-22 21:13:41: 2026-02-22T10:13:41.861Z - GET /api/trailer-types
2026-02-22 21:13:41: 2026-02-22T10:13:41.862Z - GET /api/admin/users
2026-02-22 21:13:41: 2026-02-22T10:13:41.863Z - GET /api/settings/all/list
2026-02-22 21:13:41: 2026-02-22T10:13:41.863Z - GET /api/roles
2026-02-22 21:13:41: 2026-02-22T10:13:41.864Z - GET /api/facilities
2026-02-22 21:13:43: 2026-02-22T10:13:43.382Z - GET /api/resources
2026-02-22 21:13:43: 2026-02-22T10:13:43.382Z - GET /api/appointments
2026-02-22 21:13:43: 2026-02-22T10:13:43.383Z - GET /api/trailers
2026-02-22 21:13:43: 2026-02-22T10:13:43.383Z - GET /api/drivers
2026-02-22 21:13:43: 2026-02-22T10:13:43.383Z - GET /api/trailer-types
2026-02-22 21:13:43: 2026-02-22T10:13:43.384Z - GET /api/carriers
2026-02-22 21:13:43: 2026-02-22T10:13:43.392Z - GET /api/settings/all/list
2026-02-22 21:13:43: 2026-02-22T10:13:43.392Z - GET /api/roles
2026-02-22 21:13:43: 2026-02-22T10:13:43.393Z - GET /api/admin/users
2026-02-22 21:13:43: 2026-02-22T10:13:43.393Z - GET /api/facilities
2026-02-22 21:13:43: 2026-02-22T10:13:43.394Z - GET /api/resources
2026-02-22 21:13:43: 2026-02-22T10:13:43.394Z - GET /api/appointments
2026-02-22 21:13:43: 2026-02-22T10:13:43.395Z - GET /api/drivers
2026-02-22 21:13:43: 2026-02-22T10:13:43.395Z - GET /api/trailers
2026-02-22 21:13:43: 2026-02-22T10:13:43.398Z - GET /api/carriers
2026-02-22 21:13:43: 2026-02-22T10:13:43.401Z - GET /api/settings/all/list
2026-02-22 21:13:43: 2026-02-22T10:13:43.401Z - GET /api/admin/users
2026-02-22 21:13:43: 2026-02-22T10:13:43.402Z - GET /api/roles
2026-02-22 21:13:43: 2026-02-22T10:13:43.402Z - GET /api/trailer-types
2026-02-22 21:13:43: 2026-02-22T10:13:43.402Z - GET /api/facilities
2026-02-22 21:13:44: 2026-02-22T10:13:44.054Z - GET /api/resources
2026-02-22 21:13:44: 2026-02-22T10:13:44.054Z - GET /api/drivers
2026-02-22 21:13:44: 2026-02-22T10:13:44.055Z - GET /api/trailers
2026-02-22 21:13:44: 2026-02-22T10:13:44.055Z - GET /api/appointments
2026-02-22 21:13:44: 2026-02-22T10:13:44.055Z - GET /api/carriers
2026-02-22 21:13:44: 2026-02-22T10:13:44.060Z - GET /api/trailer-types
2026-02-22 21:13:44: 2026-02-22T10:13:44.065Z - GET /api/settings/all/list
2026-02-22 21:13:44: 2026-02-22T10:13:44.066Z - GET /api/roles
2026-02-22 21:13:44: 2026-02-22T10:13:44.066Z - GET /api/admin/users
2026-02-22 21:13:44: 2026-02-22T10:13:44.067Z - GET /api/facilities
2026-02-22 21:13:44: 2026-02-22T10:13:44.068Z - GET /api/resources
2026-02-22 21:13:44: 2026-02-22T10:13:44.068Z - GET /api/appointments
2026-02-22 21:13:44: 2026-02-22T10:13:44.070Z - GET /api/trailers
2026-02-22 21:13:44: 2026-02-22T10:13:44.070Z - GET /api/drivers
2026-02-22 21:13:44: 2026-02-22T10:13:44.071Z - GET /api/carriers
2026-02-22 21:13:44: 2026-02-22T10:13:44.072Z - GET /api/trailer-types
2026-02-22 21:13:44: 2026-02-22T10:13:44.073Z - GET /api/settings/all/list
2026-02-22 21:13:44: 2026-02-22T10:13:44.076Z - GET /api/admin/users
2026-02-22 21:13:44: 2026-02-22T10:13:44.078Z - GET /api/roles
2026-02-22 21:13:44: 2026-02-22T10:13:44.078Z - GET /api/facilities
2026-02-22 21:14:04: 2026-02-22T10:14:04.984Z - GET /api/appointments
2026-02-22 21:14:04: 2026-02-22T10:14:04.984Z - GET /api/resources
2026-02-22 21:14:04: 2026-02-22T10:14:04.984Z - GET /api/drivers
2026-02-22 21:14:04: 2026-02-22T10:14:04.985Z - GET /api/trailers
2026-02-22 21:14:04: 2026-02-22T10:14:04.985Z - GET /api/carriers
2026-02-22 21:14:04: 2026-02-22T10:14:04.990Z - GET /api/trailer-types
2026-02-22 21:14:04: 2026-02-22T10:14:04.994Z - GET /api/settings/all/list
2026-02-22 21:14:04: 2026-02-22T10:14:04.995Z - GET /api/admin/users
2026-02-22 21:14:04: 2026-02-22T10:14:04.996Z - GET /api/roles
2026-02-22 21:14:04: 2026-02-22T10:14:04.997Z - GET /api/resources
2026-02-22 21:14:04: 2026-02-22T10:14:04.998Z - GET /api/facilities
2026-02-22 21:14:04: 2026-02-22T10:14:04.998Z - GET /api/appointments
2026-02-22 21:14:04: 2026-02-22T10:14:04.999Z - GET /api/drivers
2026-02-22 21:14:05: 2026-02-22T10:14:05.000Z - GET /api/trailers
2026-02-22 21:14:05: 2026-02-22T10:14:05.002Z - GET /api/carriers
2026-02-22 21:14:05: 2026-02-22T10:14:05.004Z - GET /api/trailer-types
2026-02-22 21:14:05: 2026-02-22T10:14:05.006Z - GET /api/admin/users
2026-02-22 21:14:05: 2026-02-22T10:14:05.007Z - GET /api/settings/all/list
2026-02-22 21:14:05: 2026-02-22T10:14:05.007Z - GET /api/roles
2026-02-22 21:14:05: 2026-02-22T10:14:05.008Z - GET /api/facilities
2026-02-22 21:19:43: 2026-02-22T10:19:43.021Z - GET /api/resources
2026-02-22 21:19:43: 2026-02-22T10:19:43.022Z - GET /api/appointments
2026-02-22 21:19:43: 2026-02-22T10:19:43.022Z - GET /api/drivers
2026-02-22 21:19:43: 2026-02-22T10:19:43.025Z - GET /api/carriers
2026-02-22 21:19:43: 2026-02-22T10:19:43.026Z - GET /api/trailers
2026-02-22 21:19:43: 2026-02-22T10:19:43.026Z - GET /api/trailer-types
2026-02-22 21:19:43: 2026-02-22T10:19:43.028Z - GET /api/settings/all/list
2026-02-22 21:19:43: 2026-02-22T10:19:43.030Z - GET /api/roles
2026-02-22 21:19:43: 2026-02-22T10:19:43.030Z - GET /api/admin/users
2026-02-22 21:19:43: 2026-02-22T10:19:43.031Z - GET /api/facilities
2026-02-22 21:19:43: 2026-02-22T10:19:43.031Z - GET /api/resources
2026-02-22 21:19:43: 2026-02-22T10:19:43.033Z - GET /api/appointments
2026-02-22 21:19:43: 2026-02-22T10:19:43.033Z - GET /api/drivers
2026-02-22 21:19:43: 2026-02-22T10:19:43.036Z - GET /api/trailers
2026-02-22 21:19:43: 2026-02-22T10:19:43.036Z - GET /api/carriers
2026-02-22 21:19:43: 2026-02-22T10:19:43.038Z - GET /api/trailer-types
2026-02-22 21:19:43: 2026-02-22T10:19:43.038Z - GET /api/settings/all/list
2026-02-22 21:19:43: 2026-02-22T10:19:43.038Z - GET /api/admin/users
2026-02-22 21:19:43: 2026-02-22T10:19:43.038Z - GET /api/roles
2026-02-22 21:19:43: 2026-02-22T10:19:43.040Z - GET /api/facilities
2026-02-22 21:20:19: 2026-02-22T10:20:19.773Z - GET /api/appointments
2026-02-22 21:20:19: 2026-02-22T10:20:19.774Z - GET /api/drivers
2026-02-22 21:20:19: 2026-02-22T10:20:19.774Z - GET /api/trailers
2026-02-22 21:20:19: 2026-02-22T10:20:19.775Z - GET /api/carriers
2026-02-22 21:20:19: 2026-02-22T10:20:19.775Z - GET /api/trailer-types
2026-02-22 21:20:19: 2026-02-22T10:20:19.775Z - GET /api/settings/all/list
2026-02-22 21:20:19: 2026-02-22T10:20:19.784Z - GET /api/admin/users
2026-02-22 21:20:19: 2026-02-22T10:20:19.785Z - GET /api/resources
2026-02-22 21:20:19: 2026-02-22T10:20:19.785Z - GET /api/roles
2026-02-22 21:20:19: 2026-02-22T10:20:19.785Z - GET /api/facilities
2026-02-22 21:20:19: 2026-02-22T10:20:19.786Z - GET /api/resources
2026-02-22 21:20:19: 2026-02-22T10:20:19.786Z - GET /api/appointments
2026-02-22 21:20:19: 2026-02-22T10:20:19.790Z - GET /api/drivers
2026-02-22 21:20:19: 2026-02-22T10:20:19.791Z - GET /api/trailers
2026-02-22 21:20:19: 2026-02-22T10:20:19.793Z - GET /api/carriers
2026-02-22 21:20:19: 2026-02-22T10:20:19.793Z - GET /api/settings/all/list
2026-02-22 21:20:19: 2026-02-22T10:20:19.793Z - GET /api/trailer-types
2026-02-22 21:20:19: 2026-02-22T10:20:19.794Z - GET /api/admin/users
2026-02-22 21:20:19: 2026-02-22T10:20:19.795Z - GET /api/roles
2026-02-22 21:20:19: 2026-02-22T10:20:19.795Z - GET /api/facilities
2026-02-22 21:21:13: [Email] WARNING: SENDGRID_API_KEY not set - emails will be logged only
2026-02-22 21:21:13: Initializing database schema...
2026-02-22 21:21:13: Initializing Turso Schema & Seeding Data...
2026-02-22 21:21:22: Schema initialization successful.
2026-02-22 21:21:28: Database schema initialized successfully
2026-02-22 21:21:28: 
2026-02-22 21:21:28: ╔═══════════════════════════════════════════════════════════╗
2026-02-22 21:21:28: ║                                                           ║
2026-02-22 21:21:28: ║   🚛 SwiftYard API Server                                 ║
2026-02-22 21:21:28: ║                                                           ║
2026-02-22 21:21:28: ║   Server running at: http://localhost:4000               ║
2026-02-22 21:21:28: ║   API Base URL: http://localhost:4000/api                ║
2026-02-22 21:21:28: ║   Health Check: http://localhost:4000/health             ║
2026-02-22 21:21:28: ║   Socket.IO: http://localhost:4000                       ║
2026-02-22 21:21:28: ║                                                           ║
2026-02-22 21:21:28: ║   Press Ctrl+C to stop                                    ║
2026-02-22 21:21:28: ║                                                           ║
2026-02-22 21:21:28: ╚═══════════════════════════════════════════════════════════╝
2026-02-22 21:21:28:       
2026-02-22 21:21:45: [Email] WARNING: SENDGRID_API_KEY not set - emails will be logged only
2026-02-22 21:21:45: Initializing database schema...
2026-02-22 21:21:45: Initializing Turso Schema & Seeding Data...
2026-02-22 21:21:52: Schema initialization successful.
2026-02-22 21:21:59: Database schema initialized successfully
2026-02-22 21:21:59: 
2026-02-22 21:21:59: ╔═══════════════════════════════════════════════════════════╗
2026-02-22 21:21:59: ║                                                           ║
2026-02-22 21:21:59: ║   🚛 SwiftYard API Server                                 ║
2026-02-22 21:21:59: ║                                                           ║
2026-02-22 21:21:59: ║   Server running at: http://localhost:4000               ║
2026-02-22 21:21:59: ║   API Base URL: http://localhost:4000/api                ║
2026-02-22 21:21:59: ║   Health Check: http://localhost:4000/health             ║
2026-02-22 21:21:59: ║   Socket.IO: http://localhost:4000                       ║
2026-02-22 21:21:59: ║                                                           ║
2026-02-22 21:21:59: ║   Press Ctrl+C to stop                                    ║
2026-02-22 21:21:59: ║                                                           ║
2026-02-22 21:21:59: ╚═══════════════════════════════════════════════════════════╝
2026-02-22 21:21:59:       
